#
# There is insufficient memory for the Java Runtime Environment to continue.
# Native memory allocation (mmap) failed to map 138412032 bytes. Error detail: G1 virtual space
# Possible reasons:
#   The system is out of physical RAM or swap space
#   This process is running with CompressedOops enabled, and the Java Heap may be blocking the growth of the native heap
# Possible solutions:
#   Reduce memory load on the system
#   Increase physical memory or swap space
#   Check if swap backing store is full
#   Decrease Java heap size (-Xmx/-Xms)
#   Decrease number of Java threads
#   Decrease Java thread stack sizes (-Xss)
#   Set larger code cache with -XX:ReservedCodeCacheSize=
#   JVM is running with Unscaled Compressed Oops mode in which the Java heap is
#     placed in the first 4GB address space. The Java Heap base address is the
#     maximum limit for the native heap growth. Please use -XX:HeapBaseMinAddress
#     to set the Java Heap base and to place the Java Heap above 4GB virtual address.
# This output file may be truncated or incomplete.
#
#  Out of Memory Error (os_windows.cpp:3717), pid=8260, tid=18176
#
# JRE version: OpenJDK Runtime Environment Microsoft-13877171 (21.0.11+10) (build 21.0.11+10-LTS)
# Java VM: OpenJDK 64-Bit Server VM Microsoft-13877171 (21.0.11+10-LTS, mixed mode, emulated-client, sharing, tiered, compressed oops, compressed class ptrs, g1 gc, windows-amd64)
# No core dump will be written. Minidumps are not enabled by default on client versions of Windows
#

---------------  S U M M A R Y ------------

Command Line: -XX:TieredStopAtLevel=1 -Dspring.output.ansi.enabled=always -Dcom.sun.management.jmxremote -Dspring.jmx.enabled=true -Dspring.liveBeansView.mbeanDomain -Dspring.application.admin.enabled=true -Dmanagement.endpoints.jmx.exposure.include=* -javaagent:C:\Program Files\JetBrains\IntelliJ IDEA 2026.1.2\lib\idea_rt.jar=52816 -Dfile.encoding=UTF-8 -Dsun.stdout.encoding=UTF-8 -Dsun.stderr.encoding=UTF-8 com.Sistema_Notas.Sistema_Notas.SistemaNotasApplication

Host: AMD Ryzen 3 3200U with Radeon Vega Mobile Gfx  , 4 cores, 3G,  Windows 10 , 64 bit Build 19041 (10.0.19041.7291)
Time: Fri Jun 12 13:20:51 2026 Hora est. Pac璗ico, Sudam廨ica elapsed time: 16.020474 seconds (0d 0h 0m 16s)

---------------  T H R E A D  ---------------

Current thread (0x00000266c430f060):  VMThread "VM Thread"          [id=18176, stack(0x000000f2b2e00000,0x000000f2b2f00000) (1024K)]

Stack: [0x000000f2b2e00000,0x000000f2b2f00000]
Native frames: (J=compiled Java code, j=interpreted, Vv=VM code, C=native code)
V  [jvm.dll+0x6e0429]  (no source info available)
V  [jvm.dll+0x8c057b]  (no source info available)
V  [jvm.dll+0x8c2b0a]  (no source info available)
V  [jvm.dll+0x8c31e3]  (no source info available)
V  [jvm.dll+0x28ac66]  (no source info available)
V  [jvm.dll+0x6df8d5]  (no source info available)
V  [jvm.dll+0x6d36aa]  (no source info available)
V  [jvm.dll+0x367b8e]  (no source info available)
V  [jvm.dll+0x36fa5b]  (no source info available)
V  [jvm.dll+0x3c1539]  (no source info available)
V  [jvm.dll+0x3c17db]  (no source info available)
V  [jvm.dll+0x33b447]  (no source info available)
V  [jvm.dll+0x33b4d7]  (no source info available)
V  [jvm.dll+0x3802cc]  (no source info available)
V  [jvm.dll+0x37eaae]  (no source info available)
V  [jvm.dll+0x33aba1]  (no source info available)
V  [jvm.dll+0x37e11a]  (no source info available)
V  [jvm.dll+0x8c8f4f]  (no source info available)
V  [jvm.dll+0x8ca433]  (no source info available)
V  [jvm.dll+0x8ca9a4]  (no source info available)
V  [jvm.dll+0x8caaa3]  (no source info available)
V  [jvm.dll+0x86b2bd]  (no source info available)
V  [jvm.dll+0x6e19dd]  (no source info available)
C  [ucrtbase.dll+0x21bb2]  (no source info available)
C  [KERNEL32.DLL+0x17374]  (no source info available)
C  [ntdll.dll+0x4cc91]  (no source info available)

VM_Operation (0x000000f2b42faf20): G1CollectForAllocation, mode: safepoint, requested by thread 0x00000266d76cd150


---------------  P R O C E S S  ---------------

Threads class SMR info:
_java_thread_list=0x00000266da290b00, length=23, elements={
0x00000266c425ffb0, 0x00000266d2d78230, 0x00000266d2d79150, 0x00000266d2d7bf80,
0x00000266d2d7ea90, 0x00000266d2d7f770, 0x00000266d2d801d0, 0x00000266d2d80c30,
0x00000266d706bb70, 0x00000266d7419e10, 0x00000266d74158a0, 0x00000266d7560e80,
0x00000266d75baa50, 0x00000266d75c3270, 0x00000266d762de90, 0x00000266d7630510,
0x00000266d76ccac0, 0x00000266d76cd150, 0x00000266d76ca9f0, 0x00000266d76cb710,
0x00000266d76cd7e0, 0x00000266d8e6e0e0, 0x00000266d8e6c6a0
}

Java Threads: ( => current thread )
  0x00000266c425ffb0 JavaThread "main"                              [_thread_blocked, id=13088, stack(0x000000f2b2700000,0x000000f2b2800000) (1024K)]
  0x00000266d2d78230 JavaThread "Reference Handler"          daemon [_thread_blocked, id=15836, stack(0x000000f2b2f00000,0x000000f2b3000000) (1024K)]
  0x00000266d2d79150 JavaThread "Finalizer"                  daemon [_thread_blocked, id=4656, stack(0x000000f2b3000000,0x000000f2b3100000) (1024K)]
  0x00000266d2d7bf80 JavaThread "Signal Dispatcher"          daemon [_thread_blocked, id=4980, stack(0x000000f2b3100000,0x000000f2b3200000) (1024K)]
  0x00000266d2d7ea90 JavaThread "Attach Listener"            daemon [_thread_blocked, id=15544, stack(0x000000f2b3200000,0x000000f2b3300000) (1024K)]
  0x00000266d2d7f770 JavaThread "Service Thread"             daemon [_thread_blocked, id=5268, stack(0x000000f2b3300000,0x000000f2b3400000) (1024K)]
  0x00000266d2d801d0 JavaThread "Monitor Deflation Thread"   daemon [_thread_blocked, id=14848, stack(0x000000f2b3400000,0x000000f2b3500000) (1024K)]
  0x00000266d2d80c30 JavaThread "C1 CompilerThread0"         daemon [_thread_blocked, id=17492, stack(0x000000f2b3500000,0x000000f2b3600000) (1024K)]
  0x00000266d706bb70 JavaThread "Common-Cleaner"             daemon [_thread_blocked, id=12852, stack(0x000000f2b3600000,0x000000f2b3700000) (1024K)]
  0x00000266d7419e10 JavaThread "Monitor Ctrl-Break"         daemon [_thread_in_native, id=8124, stack(0x000000f2b3700000,0x000000f2b3800000) (1024K)]
  0x00000266d74158a0 JavaThread "Notification Thread"        daemon [_thread_blocked, id=1888, stack(0x000000f2b3800000,0x000000f2b3900000) (1024K)]
  0x00000266d7560e80 JavaThread "RMI TCP Accept-0"           daemon [_thread_in_native, id=15880, stack(0x000000f2b3c00000,0x000000f2b3d00000) (1024K)]
  0x00000266d75baa50 JavaThread "RMI TCP Connection(1)-192.168.107.118" daemon [_thread_in_native, id=11324, stack(0x000000f2b3d00000,0x000000f2b3e00000) (1024K)]
  0x00000266d75c3270 JavaThread "RMI TCP Connection(2)-192.168.107.118" daemon [_thread_blocked, id=13544, stack(0x000000f2b3e00000,0x000000f2b3f00000) (1024K)]
  0x00000266d762de90 JavaThread "RMI Scheduler(0)"           daemon [_thread_blocked, id=3208, stack(0x000000f2b4000000,0x000000f2b4100000) (1024K)]
  0x00000266d7630510 JavaThread "JMX server connection timeout 30" daemon [_thread_blocked, id=12160, stack(0x000000f2b4100000,0x000000f2b4200000) (1024K)]
  0x00000266d76ccac0 JavaThread "Thread-0"                          [_thread_blocked, id=17648, stack(0x000000f2b3f00000,0x000000f2b4000000) (1024K)]
  0x00000266d76cd150 JavaThread "restartedMain"                     [_thread_blocked, id=6412, stack(0x000000f2b4200000,0x000000f2b4300000) (1024K)]
  0x00000266d76ca9f0 JavaThread "Catalina-utility-1"                [_thread_blocked, id=6452, stack(0x000000f2b4300000,0x000000f2b4400000) (1024K)]
  0x00000266d76cb710 JavaThread "Catalina-utility-2"                [_thread_blocked, id=11960, stack(0x000000f2b4400000,0x000000f2b4500000) (1024K)]
  0x00000266d76cd7e0 JavaThread "container-0"                       [_thread_blocked, id=18224, stack(0x000000f2b4500000,0x000000f2b4600000) (1024K)]
  0x00000266d8e6e0e0 JavaThread "mysql-cj-abandoned-connection-cleanup" daemon [_thread_blocked, id=13472, stack(0x000000f2b4600000,0x000000f2b4700000) (1024K)]
  0x00000266d8e6c6a0 JavaThread "HikariPool-1:housekeeper"   daemon [_thread_blocked, id=12088, stack(0x000000f2b4800000,0x000000f2b4900000) (1024K)]
Total: 23

Other Threads:
=>0x00000266c430f060 VMThread "VM Thread"                           [id=18176, stack(0x000000f2b2e00000,0x000000f2b2f00000) (1024K)]
  0x00000266d2d6c0d0 WatcherThread "VM Periodic Task Thread"        [id=15712, stack(0x000000f2b2d00000,0x000000f2b2e00000) (1024K)]
  0x00000266c42963a0 WorkerThread "GC Thread#0"                     [id=14308, stack(0x000000f2b2800000,0x000000f2b2900000) (1024K)]
  0x00000266d74d1350 WorkerThread "GC Thread#1"                     [id=15440, stack(0x000000f2b3900000,0x000000f2b3a00000) (1024K)]
  0x00000266d74e3720 WorkerThread "GC Thread#2"                     [id=12252, stack(0x000000f2b3a00000,0x000000f2b3b00000) (1024K)]
  0x00000266d74e5ae0 WorkerThread "GC Thread#3"                     [id=8500, stack(0x000000f2b3b00000,0x000000f2b3c00000) (1024K)]
  0x00000266c429f2e0 ConcurrentGCThread "G1 Main Marker"            [id=16648, stack(0x000000f2b2900000,0x000000f2b2a00000) (1024K)]
  0x00000266c42a04a0 WorkerThread "G1 Conc#0"                       [id=16660, stack(0x000000f2b2a00000,0x000000f2b2b00000) (1024K)]
  0x00000266c42f1a80 ConcurrentGCThread "G1 Refine#0"               [id=3480, stack(0x000000f2b2b00000,0x000000f2b2c00000) (1024K)]
  0x00000266c42f2510 ConcurrentGCThread "G1 Service"                [id=1592, stack(0x000000f2b2c00000,0x000000f2b2d00000) (1024K)]
Total: 10

Threads with active compile tasks:
Total: 0

VM state: at safepoint (normal execution)

VM Mutex/Monitor currently owned by a thread:  ([mutex/lock_event])
[0x00007ffb1a31b8b0] Threads_lock - owner thread: 0x00000266c430f060
[0x00007ffb1a31b9b0] Heap_lock - owner thread: 0x00000266d76cd150

Heap address: 0x00000000c8c00000, size: 884 MB, Compressed Oops mode: 32-bit

CDS archive(s) mapped at: [0x0000026680000000-0x0000026680c80000-0x0000026680c80000), size 13107200, SharedBaseAddress: 0x0000026680000000, ArchiveRelocationMode: 1.
Compressed class space mapped at: 0x0000026681000000-0x00000266c1000000, reserved size: 1073741824
Narrow klass base: 0x0000026680000000, Narrow klass shift: 0, Narrow klass range: 0x100000000

GC Precious Log:
 CardTable entry size: 512
 Card Set container configuration: InlinePtr #cards 5 size 8 Array Of Cards #cards 12 size 40 Howl #buckets 4 coarsen threshold 1843 Howl Bitmap #cards 512 size 80 coarsen threshold 460 Card regions per heap region 1 cards per card region 2048
 CPUs: 4 total, 4 available
 Memory: 3530M
 Large Page Support: Disabled
 NUMA Support: Disabled
 Compressed Oops: Enabled (32-bit)
 Heap Region Size: 1M
 Heap Min Capacity: 8M
 Heap Initial Capacity: 56M
 Heap Max Capacity: 884M
 Pre-touch: Disabled
 Parallel Workers: 4
 Concurrent Workers: 1
 Concurrent Refinement Workers: 4
 Periodic GC: Disabled

Heap:
 garbage-first heap   total 130048K, used 70914K [0x00000000c8c00000, 0x0000000100000000)
  region size 1024K, 2 young (2048K), 2 survivors (2048K)
 Metaspace       used 66701K, committed 67392K, reserved 1114112K
  class space    used 9950K, committed 10240K, reserved 1048576K

Heap Regions: E=young(eden), S=young(survivor), O=old, HS=humongous(starts), HC=humongous(continues), CS=collection set, F=free, TAMS=top-at-mark-start, PB=parsable bottom
|   0|0x00000000c8c00000, 0x00000000c8d00000, 0x00000000c8d00000|100%|HS|  |TAMS 0x00000000c8c00000| PB 0x00000000c8c00000| Complete 
|   1|0x00000000c8d00000, 0x00000000c8e00000, 0x00000000c8e00000|100%|HS|  |TAMS 0x00000000c8d00000| PB 0x00000000c8d00000| Complete 
|   2|0x00000000c8e00000, 0x00000000c8f00000, 0x00000000c8f00000|100%| O|  |TAMS 0x00000000c8e00000| PB 0x00000000c8e00000| Untracked 
|   3|0x00000000c8f00000, 0x00000000c9000000, 0x00000000c9000000|100%| O|  |TAMS 0x00000000c8f00000| PB 0x00000000c8f00000| Untracked 
|   4|0x00000000c9000000, 0x00000000c9100000, 0x00000000c9100000|100%| O|  |TAMS 0x00000000c9000000| PB 0x00000000c9000000| Untracked 
|   5|0x00000000c9100000, 0x00000000c9200000, 0x00000000c9200000|100%| O|  |TAMS 0x00000000c9100000| PB 0x00000000c9100000| Untracked 
|   6|0x00000000c9200000, 0x00000000c9300000, 0x00000000c9300000|100%| O|  |TAMS 0x00000000c9200000| PB 0x00000000c9200000| Untracked 
|   7|0x00000000c9300000, 0x00000000c9400000, 0x00000000c9400000|100%| O|  |TAMS 0x00000000c9300000| PB 0x00000000c9300000| Untracked 
|   8|0x00000000c9400000, 0x00000000c9500000, 0x00000000c9500000|100%| O|  |TAMS 0x00000000c9400000| PB 0x00000000c9400000| Untracked 
|   9|0x00000000c9500000, 0x00000000c9600000, 0x00000000c9600000|100%| O|  |TAMS 0x00000000c9500000| PB 0x00000000c9500000| Untracked 
|  10|0x00000000c9600000, 0x00000000c9700000, 0x00000000c9700000|100%| O|  |TAMS 0x00000000c9600000| PB 0x00000000c9600000| Untracked 
|  11|0x00000000c9700000, 0x00000000c9800000, 0x00000000c9800000|100%| O|  |TAMS 0x00000000c9700000| PB 0x00000000c9700000| Untracked 
|  12|0x00000000c9800000, 0x00000000c9900000, 0x00000000c9900000|100%| O|  |TAMS 0x00000000c9800000| PB 0x00000000c9800000| Untracked 
|  13|0x00000000c9900000, 0x00000000c9a00000, 0x00000000c9a00000|100%| O|  |TAMS 0x00000000c9900000| PB 0x00000000c9900000| Untracked 
|  14|0x00000000c9a00000, 0x00000000c9b00000, 0x00000000c9b00000|100%| O|  |TAMS 0x00000000c9a00000| PB 0x00000000c9a00000| Untracked 
|  15|0x00000000c9b00000, 0x00000000c9c00000, 0x00000000c9c00000|100%| O|  |TAMS 0x00000000c9b00000| PB 0x00000000c9b00000| Untracked 
|  16|0x00000000c9c00000, 0x00000000c9d00000, 0x00000000c9d00000|100%| O|  |TAMS 0x00000000c9c00000| PB 0x00000000c9c00000| Untracked 
|  17|0x00000000c9d00000, 0x00000000c9e00000, 0x00000000c9e00000|100%| O|  |TAMS 0x00000000c9d00000| PB 0x00000000c9d00000| Untracked 
|  18|0x00000000c9e00000, 0x00000000c9f00000, 0x00000000c9f00000|100%| O|  |TAMS 0x00000000c9e00000| PB 0x00000000c9e00000| Untracked 
|  19|0x00000000c9f00000, 0x00000000ca000000, 0x00000000ca000000|100%| O|  |TAMS 0x00000000c9f00000| PB 0x00000000c9f00000| Untracked 
|  20|0x00000000ca000000, 0x00000000ca100000, 0x00000000ca100000|100%| O|  |TAMS 0x00000000ca000000| PB 0x00000000ca000000| Untracked 
|  21|0x00000000ca100000, 0x00000000ca100000, 0x00000000ca200000|  0%| F|  |TAMS 0x00000000ca100000| PB 0x00000000ca100000| Untracked 
|  22|0x00000000ca200000, 0x00000000ca300000, 0x00000000ca300000|100%| O|  |TAMS 0x00000000ca200000| PB 0x00000000ca200000| Untracked 
|  23|0x00000000ca300000, 0x00000000ca400000, 0x00000000ca400000|100%| O|  |TAMS 0x00000000ca300000| PB 0x00000000ca300000| Untracked 
|  24|0x00000000ca400000, 0x00000000ca500000, 0x00000000ca500000|100%| O|  |TAMS 0x00000000ca400000| PB 0x00000000ca400000| Untracked 
|  25|0x00000000ca500000, 0x00000000ca600000, 0x00000000ca600000|100%| O|  |TAMS 0x00000000ca500000| PB 0x00000000ca500000| Untracked 
|  26|0x00000000ca600000, 0x00000000ca700000, 0x00000000ca700000|100%| O|  |TAMS 0x00000000ca600000| PB 0x00000000ca600000| Untracked 
|  27|0x00000000ca700000, 0x00000000ca800000, 0x00000000ca800000|100%| O|  |TAMS 0x00000000ca700000| PB 0x00000000ca700000| Untracked 
|  28|0x00000000ca800000, 0x00000000ca900000, 0x00000000ca900000|100%| O|  |TAMS 0x00000000ca800000| PB 0x00000000ca800000| Untracked 
|  29|0x00000000ca900000, 0x00000000caa00000, 0x00000000caa00000|100%| O|  |TAMS 0x00000000ca900000| PB 0x00000000ca900000| Untracked 
|  30|0x00000000caa00000, 0x00000000cab00000, 0x00000000cab00000|100%| O|  |TAMS 0x00000000caa00000| PB 0x00000000caa00000| Untracked 
|  31|0x00000000cab00000, 0x00000000cac00000, 0x00000000cac00000|100%| O|  |TAMS 0x00000000cab00000| PB 0x00000000cab00000| Untracked 
|  32|0x00000000cac00000, 0x00000000cad00000, 0x00000000cad00000|100%| O|  |TAMS 0x00000000cac00000| PB 0x00000000cac00000| Untracked 
|  33|0x00000000cad00000, 0x00000000cae00000, 0x00000000cae00000|100%| O|  |TAMS 0x00000000cad00000| PB 0x00000000cad00000| Untracked 
|  34|0x00000000cae00000, 0x00000000caf00000, 0x00000000caf00000|100%| O|  |TAMS 0x00000000cae00000| PB 0x00000000cae00000| Untracked 
|  35|0x00000000caf00000, 0x00000000cb000000, 0x00000000cb000000|100%| O|  |TAMS 0x00000000caf00000| PB 0x00000000caf00000| Untracked 
|  36|0x00000000cb000000, 0x00000000cb000000, 0x00000000cb100000|  0%| F|  |TAMS 0x00000000cb000000| PB 0x00000000cb000000| Untracked 
|  37|0x00000000cb100000, 0x00000000cb100000, 0x00000000cb200000|  0%| F|  |TAMS 0x00000000cb100000| PB 0x00000000cb100000| Untracked 
|  38|0x00000000cb200000, 0x00000000cb300000, 0x00000000cb300000|100%| O|  |TAMS 0x00000000cb200000| PB 0x00000000cb200000| Untracked 
|  39|0x00000000cb300000, 0x00000000cb300000, 0x00000000cb400000|  0%| F|  |TAMS 0x00000000cb300000| PB 0x00000000cb300000| Untracked 
|  40|0x00000000cb400000, 0x00000000cb400000, 0x00000000cb500000|  0%| F|  |TAMS 0x00000000cb400000| PB 0x00000000cb400000| Untracked 
|  41|0x00000000cb500000, 0x00000000cb500000, 0x00000000cb600000|  0%| F|  |TAMS 0x00000000cb500000| PB 0x00000000cb500000| Untracked 
|  42|0x00000000cb600000, 0x00000000cb700000, 0x00000000cb700000|100%| O|  |TAMS 0x00000000cb600000| PB 0x00000000cb600000| Untracked 
|  43|0x00000000cb700000, 0x00000000cb800000, 0x00000000cb800000|100%| O|  |TAMS 0x00000000cb700000| PB 0x00000000cb700000| Untracked 
|  44|0x00000000cb800000, 0x00000000cb900000, 0x00000000cb900000|100%| O|  |TAMS 0x00000000cb800000| PB 0x00000000cb800000| Untracked 
|  45|0x00000000cb900000, 0x00000000cba00000, 0x00000000cba00000|100%| O|  |TAMS 0x00000000cb900000| PB 0x00000000cb900000| Untracked 
|  46|0x00000000cba00000, 0x00000000cbb00000, 0x00000000cbb00000|100%| O|  |TAMS 0x00000000cba00000| PB 0x00000000cba00000| Untracked 
|  47|0x00000000cbb00000, 0x00000000cbc00000, 0x00000000cbc00000|100%| O|  |TAMS 0x00000000cbb00000| PB 0x00000000cbb00000| Untracked 
|  48|0x00000000cbc00000, 0x00000000cbd00000, 0x00000000cbd00000|100%| O|  |TAMS 0x00000000cbc00000| PB 0x00000000cbc00000| Untracked 
|  49|0x00000000cbd00000, 0x00000000cbe00000, 0x00000000cbe00000|100%| O|  |TAMS 0x00000000cbd00000| PB 0x00000000cbd00000| Untracked 
|  50|0x00000000cbe00000, 0x00000000cbf00000, 0x00000000cbf00000|100%| O|  |TAMS 0x00000000cbe00000| PB 0x00000000cbe00000| Untracked 
|  51|0x00000000cbf00000, 0x00000000cbf00000, 0x00000000cc000000|  0%| F|  |TAMS 0x00000000cbf00000| PB 0x00000000cbf00000| Untracked 
|  52|0x00000000cc000000, 0x00000000cc000000, 0x00000000cc100000|  0%| F|  |TAMS 0x00000000cc000000| PB 0x00000000cc000000| Untracked 
|  53|0x00000000cc100000, 0x00000000cc200000, 0x00000000cc200000|100%| O|  |TAMS 0x00000000cc100000| PB 0x00000000cc100000| Untracked 
|  54|0x00000000cc200000, 0x00000000cc300000, 0x00000000cc300000|100%| O|  |TAMS 0x00000000cc200000| PB 0x00000000cc200000| Untracked 
|  55|0x00000000cc300000, 0x00000000cc400000, 0x00000000cc400000|100%| O|  |TAMS 0x00000000cc300000| PB 0x00000000cc300000| Untracked 
|  56|0x00000000cc400000, 0x00000000cc500000, 0x00000000cc500000|100%| O|  |TAMS 0x00000000cc400000| PB 0x00000000cc400000| Untracked 
|  57|0x00000000cc500000, 0x00000000cc600000, 0x00000000cc600000|100%| O|  |TAMS 0x00000000cc500000| PB 0x00000000cc500000| Untracked 
|  58|0x00000000cc600000, 0x00000000cc700000, 0x00000000cc700000|100%| O|  |TAMS 0x00000000cc600000| PB 0x00000000cc600000| Untracked 
|  59|0x00000000cc700000, 0x00000000cc800000, 0x00000000cc800000|100%| O|  |TAMS 0x00000000cc700000| PB 0x00000000cc700000| Untracked 
|  60|0x00000000cc800000, 0x00000000cc900000, 0x00000000cc900000|100%| O|  |TAMS 0x00000000cc800000| PB 0x00000000cc800000| Untracked 
|  61|0x00000000cc900000, 0x00000000cca00000, 0x00000000cca00000|100%| O|  |TAMS 0x00000000cc900000| PB 0x00000000cc900000| Untracked 
|  62|0x00000000cca00000, 0x00000000ccb00000, 0x00000000ccb00000|100%| O|  |TAMS 0x00000000cca00000| PB 0x00000000cca00000| Untracked 
|  63|0x00000000ccb00000, 0x00000000ccc00000, 0x00000000ccc00000|100%| O|  |TAMS 0x00000000ccb00000| PB 0x00000000ccb00000| Untracked 
|  64|0x00000000ccc00000, 0x00000000ccd00000, 0x00000000ccd00000|100%| O|  |TAMS 0x00000000ccc00000| PB 0x00000000ccc00000| Untracked 
|  65|0x00000000ccd00000, 0x00000000cce00000, 0x00000000cce00000|100%| O|  |TAMS 0x00000000ccd00000| PB 0x00000000ccd00000| Untracked 
|  66|0x00000000cce00000, 0x00000000ccf00000, 0x00000000ccf00000|100%| O|  |TAMS 0x00000000cce00000| PB 0x00000000cce00000| Untracked 
|  67|0x00000000ccf00000, 0x00000000cd000000, 0x00000000cd000000|100%| O|  |TAMS 0x00000000ccf00000| PB 0x00000000ccf00000| Untracked 
|  68|0x00000000cd000000, 0x00000000cd100000, 0x00000000cd100000|100%| O|  |TAMS 0x00000000cd000000| PB 0x00000000cd000000| Untracked 
|  69|0x00000000cd100000, 0x00000000cd200000, 0x00000000cd200000|100%| O|  |TAMS 0x00000000cd100000| PB 0x00000000cd100000| Untracked 
|  70|0x00000000cd200000, 0x00000000cd300000, 0x00000000cd300000|100%| O|  |TAMS 0x00000000cd200000| PB 0x00000000cd200000| Untracked 
|  71|0x00000000cd300000, 0x00000000cd400000, 0x00000000cd400000|100%| O|  |TAMS 0x00000000cd300000| PB 0x00000000cd300000| Untracked 
|  72|0x00000000cd400000, 0x00000000cd500000, 0x00000000cd500000|100%| O|  |TAMS 0x00000000cd400000| PB 0x00000000cd400000| Untracked 
|  73|0x00000000cd500000, 0x00000000cd5fa7a0, 0x00000000cd600000| 97%| O|  |TAMS 0x00000000cd500000| PB 0x00000000cd500000| Untracked 
|  74|0x00000000cd600000, 0x00000000cd600000, 0x00000000cd700000|  0%| F|  |TAMS 0x00000000cd600000| PB 0x00000000cd600000| Untracked 
|  75|0x00000000cd700000, 0x00000000cd700000, 0x00000000cd800000|  0%| F|  |TAMS 0x00000000cd700000| PB 0x00000000cd700000| Untracked 
|  76|0x00000000cd800000, 0x00000000cd800000, 0x00000000cd900000|  0%| F|  |TAMS 0x00000000cd800000| PB 0x00000000cd800000| Untracked 
|  77|0x00000000cd900000, 0x00000000cd900000, 0x00000000cda00000|  0%| F|  |TAMS 0x00000000cd900000| PB 0x00000000cd900000| Untracked 
|  78|0x00000000cda00000, 0x00000000cda00000, 0x00000000cdb00000|  0%| F|  |TAMS 0x00000000cda00000| PB 0x00000000cda00000| Untracked 
|  79|0x00000000cdb00000, 0x00000000cdb00000, 0x00000000cdc00000|  0%| F|  |TAMS 0x00000000cdb00000| PB 0x00000000cdb00000| Untracked 
|  80|0x00000000cdc00000, 0x00000000cdc00000, 0x00000000cdd00000|  0%| F|  |TAMS 0x00000000cdc00000| PB 0x00000000cdc00000| Untracked 
|  81|0x00000000cdd00000, 0x00000000cdd00000, 0x00000000cde00000|  0%| F|  |TAMS 0x00000000cdd00000| PB 0x00000000cdd00000| Untracked 
|  82|0x00000000cde00000, 0x00000000cde00000, 0x00000000cdf00000|  0%| F|  |TAMS 0x00000000cde00000| PB 0x00000000cde00000| Untracked 
|  83|0x00000000cdf00000, 0x00000000cdf00000, 0x00000000ce000000|  0%| F|  |TAMS 0x00000000cdf00000| PB 0x00000000cdf00000| Untracked 
|  84|0x00000000ce000000, 0x00000000ce000000, 0x00000000ce100000|  0%| F|  |TAMS 0x00000000ce000000| PB 0x00000000ce000000| Untracked 
|  85|0x00000000ce100000, 0x00000000ce100000, 0x00000000ce200000|  0%| F|  |TAMS 0x00000000ce100000| PB 0x00000000ce100000| Untracked 
|  86|0x00000000ce200000, 0x00000000ce200000, 0x00000000ce300000|  0%| F|  |TAMS 0x00000000ce200000| PB 0x00000000ce200000| Untracked 
|  87|0x00000000ce300000, 0x00000000ce300000, 0x00000000ce400000|  0%| F|  |TAMS 0x00000000ce300000| PB 0x00000000ce300000| Untracked 
|  88|0x00000000ce400000, 0x00000000ce446320, 0x00000000ce500000| 27%| S|CS|TAMS 0x00000000ce400000| PB 0x00000000ce400000| Complete 
|  89|0x00000000ce500000, 0x00000000ce600000, 0x00000000ce600000|100%| S|CS|TAMS 0x00000000ce500000| PB 0x00000000ce500000| Complete 
|  90|0x00000000ce600000, 0x00000000ce600000, 0x00000000ce700000|  0%| F|  |TAMS 0x00000000ce600000| PB 0x00000000ce600000| Untracked 
|  91|0x00000000ce700000, 0x00000000ce700000, 0x00000000ce800000|  0%| F|  |TAMS 0x00000000ce700000| PB 0x00000000ce700000| Untracked 
|  92|0x00000000ce800000, 0x00000000ce800000, 0x00000000ce900000|  0%| F|  |TAMS 0x00000000ce800000| PB 0x00000000ce800000| Untracked 
|  93|0x00000000ce900000, 0x00000000ce900000, 0x00000000cea00000|  0%| F|  |TAMS 0x00000000ce900000| PB 0x00000000ce900000| Untracked 
|  94|0x00000000cea00000, 0x00000000cea00000, 0x00000000ceb00000|  0%| F|  |TAMS 0x00000000cea00000| PB 0x00000000cea00000| Untracked 
|  95|0x00000000ceb00000, 0x00000000ceb00000, 0x00000000cec00000|  0%| F|  |TAMS 0x00000000ceb00000| PB 0x00000000ceb00000| Untracked 
|  96|0x00000000cec00000, 0x00000000cec00000, 0x00000000ced00000|  0%| F|  |TAMS 0x00000000cec00000| PB 0x00000000cec00000| Untracked 
|  97|0x00000000ced00000, 0x00000000ced00000, 0x00000000cee00000|  0%| F|  |TAMS 0x00000000ced00000| PB 0x00000000ced00000| Untracked 
|  98|0x00000000cee00000, 0x00000000cee00000, 0x00000000cef00000|  0%| F|  |TAMS 0x00000000cee00000| PB 0x00000000cee00000| Untracked 
|  99|0x00000000cef00000, 0x00000000cef00000, 0x00000000cf000000|  0%| F|  |TAMS 0x00000000cef00000| PB 0x00000000cef00000| Untracked 
| 100|0x00000000cf000000, 0x00000000cf000000, 0x00000000cf100000|  0%| F|  |TAMS 0x00000000cf000000| PB 0x00000000cf000000| Untracked 
| 101|0x00000000cf100000, 0x00000000cf100000, 0x00000000cf200000|  0%| F|  |TAMS 0x00000000cf100000| PB 0x00000000cf100000| Untracked 
| 102|0x00000000cf200000, 0x00000000cf200000, 0x00000000cf300000|  0%| F|  |TAMS 0x00000000cf200000| PB 0x00000000cf200000| Untracked 
| 103|0x00000000cf300000, 0x00000000cf300000, 0x00000000cf400000|  0%| F|  |TAMS 0x00000000cf300000| PB 0x00000000cf300000| Untracked 
| 104|0x00000000cf400000, 0x00000000cf400000, 0x00000000cf500000|  0%| F|  |TAMS 0x00000000cf400000| PB 0x00000000cf400000| Untracked 
| 105|0x00000000cf500000, 0x00000000cf500000, 0x00000000cf600000|  0%| F|  |TAMS 0x00000000cf500000| PB 0x00000000cf500000| Untracked 
| 106|0x00000000cf600000, 0x00000000cf600000, 0x00000000cf700000|  0%| F|  |TAMS 0x00000000cf600000| PB 0x00000000cf600000| Untracked 
| 107|0x00000000cf700000, 0x00000000cf700000, 0x00000000cf800000|  0%| F|  |TAMS 0x00000000cf700000| PB 0x00000000cf700000| Untracked 
| 108|0x00000000cf800000, 0x00000000cf800000, 0x00000000cf900000|  0%| F|  |TAMS 0x00000000cf800000| PB 0x00000000cf800000| Untracked 
| 109|0x00000000cf900000, 0x00000000cf900000, 0x00000000cfa00000|  0%| F|  |TAMS 0x00000000cf900000| PB 0x00000000cf900000| Untracked 
| 110|0x00000000cfa00000, 0x00000000cfa00000, 0x00000000cfb00000|  0%| F|  |TAMS 0x00000000cfa00000| PB 0x00000000cfa00000| Untracked 
| 111|0x00000000cfb00000, 0x00000000cfb00000, 0x00000000cfc00000|  0%| F|  |TAMS 0x00000000cfb00000| PB 0x00000000cfb00000| Untracked 
| 112|0x00000000cfc00000, 0x00000000cfc00000, 0x00000000cfd00000|  0%| F|  |TAMS 0x00000000cfc00000| PB 0x00000000cfc00000| Untracked 
| 113|0x00000000cfd00000, 0x00000000cfd00000, 0x00000000cfe00000|  0%| F|  |TAMS 0x00000000cfd00000| PB 0x00000000cfd00000| Untracked 
| 114|0x00000000cfe00000, 0x00000000cfe00000, 0x00000000cff00000|  0%| F|  |TAMS 0x00000000cfe00000| PB 0x00000000cfe00000| Untracked 
| 115|0x00000000cff00000, 0x00000000cff00000, 0x00000000d0000000|  0%| F|  |TAMS 0x00000000cff00000| PB 0x00000000cff00000| Untracked 
| 116|0x00000000d0000000, 0x00000000d0000000, 0x00000000d0100000|  0%| F|  |TAMS 0x00000000d0000000| PB 0x00000000d0000000| Untracked 
| 117|0x00000000d0100000, 0x00000000d0100000, 0x00000000d0200000|  0%| F|  |TAMS 0x00000000d0100000| PB 0x00000000d0100000| Untracked 
| 118|0x00000000d0200000, 0x00000000d0200000, 0x00000000d0300000|  0%| F|  |TAMS 0x00000000d0200000| PB 0x00000000d0200000| Untracked 
| 119|0x00000000d0300000, 0x00000000d0300000, 0x00000000d0400000|  0%| F|  |TAMS 0x00000000d0300000| PB 0x00000000d0300000| Untracked 
| 120|0x00000000d0400000, 0x00000000d0400000, 0x00000000d0500000|  0%| F|  |TAMS 0x00000000d0400000| PB 0x00000000d0400000| Untracked 
| 121|0x00000000d0500000, 0x00000000d0500000, 0x00000000d0600000|  0%| F|  |TAMS 0x00000000d0500000| PB 0x00000000d0500000| Untracked 
| 879|0x00000000ffb00000, 0x00000000ffc00000, 0x00000000ffc00000|100%| O|  |TAMS 0x00000000ffb00000| PB 0x00000000ffb00000| Untracked 
| 880|0x00000000ffc00000, 0x00000000ffd00000, 0x00000000ffd00000|100%| O|  |TAMS 0x00000000ffc00000| PB 0x00000000ffc00000| Untracked 
| 881|0x00000000ffd00000, 0x00000000ffd00000, 0x00000000ffe00000|  0%| F|  |TAMS 0x00000000ffd00000| PB 0x00000000ffd00000| Untracked 
| 882|0x00000000ffe00000, 0x00000000ffe00000, 0x00000000fff00000|  0%| F|  |TAMS 0x00000000ffe00000| PB 0x00000000ffe00000| Untracked 
| 883|0x00000000fff00000, 0x00000000fff00000, 0x0000000100000000|  0%| F|  |TAMS 0x00000000fff00000| PB 0x00000000fff00000| Untracked 

Card table byte_map: [0x00000266cf990000,0x00000266cfb50000] _byte_map_base: 0x00000266cf34a000

Marking Bits: (CMBitMap*) 0x00000266c42969c0
 Bits: [0x00000266cfb50000, 0x00000266d0920000)

Polling page: 0x00000266c3a20000

Metaspace:

Usage:
  Non-class:     55.42 MB used.
      Class:      9.72 MB used.
       Both:     65.14 MB used.

Virtual space:
  Non-class space:       64.00 MB reserved,      55.81 MB ( 87%) committed,  1 nodes.
      Class space:        1.00 GB reserved,      10.00 MB ( <1%) committed,  1 nodes.
             Both:        1.06 GB reserved,      65.81 MB (  6%) committed. 

Chunk freelists:
   Non-Class:  7.52 MB
       Class:  5.88 MB
        Both:  13.39 MB

MaxMetaspaceSize: unlimited
CompressedClassSpaceSize: 1.00 GB
Initial GC threshold: 21.00 MB
Current GC threshold: 109.69 MB
CDS: on
 - commit_granule_bytes: 65536.
 - commit_granule_words: 8192.
 - virtual_space_node_default_size: 8388608.
 - enlarge_chunks_in_place: 1.
 - use_allocation_guard: 0.


Internal statistics:

num_allocs_failed_limit: 12.
num_arena_births: 1038.
num_arena_deaths: 18.
num_vsnodes_births: 2.
num_vsnodes_deaths: 0.
num_space_committed: 1053.
num_space_uncommitted: 0.
num_chunks_returned_to_freelist: 36.
num_chunks_taken_from_freelist: 3425.
num_chunk_merges: 14.
num_chunk_splits: 2520.
num_chunks_enlarged: 1930.
num_inconsistent_stats: 0.

CodeCache: size=49152Kb used=9900Kb max_used=9900Kb free=39251Kb
 bounds [0x00000266cc990000, 0x00000266cd340000, 0x00000266cf990000]
 total_blobs=6277, nmethods=5575, adapters=626, full_count=0
Compilation: enabled, stopped_count=0, restarted_count=0

Compilation events (20 events):
Event: 15.553 Thread 0x00000266d2d80c30 5640       1       javax.management.ObjectName::addProperty (80 bytes)
Event: 15.553 Thread 0x00000266d2d80c30 nmethod 5640 0x00000266cd337510 code [0x00000266cd337720, 0x00000266cd337c38]
Event: 15.553 Thread 0x00000266d2d80c30 5641       1       java.util.concurrent.locks.ReentrantReadWriteLock$Sync::exclusiveCount (5 bytes)
Event: 15.553 Thread 0x00000266d2d80c30 nmethod 5641 0x00000266cd337e90 code [0x00000266cd338020, 0x00000266cd3380d0]
Event: 15.553 Thread 0x00000266d2d80c30 5642       1       java.lang.invoke.DelegatingMethodHandle$Holder::reinvoke_L (20 bytes)
Event: 15.553 Thread 0x00000266d2d80c30 nmethod 5642 0x00000266cd338190 code [0x00000266cd338340, 0x00000266cd338498]
Event: 15.553 Thread 0x00000266d2d80c30 5643       1       java.lang.invoke.LambdaForm$MH/0x0000026681098400::invoke (45 bytes)
Event: 15.554 Thread 0x00000266d2d80c30 nmethod 5643 0x00000266cd338590 code [0x00000266cd338760, 0x00000266cd338948]
Event: 15.644 Thread 0x00000266d2d80c30 5644       1       java.util.ArrayList::equalsArrayList (108 bytes)
Event: 15.645 Thread 0x00000266d2d80c30 nmethod 5644 0x00000266cd338a90 code [0x00000266cd338c60, 0x00000266cd339010]
Event: 16.000 Thread 0x00000266d2d80c30 5647       1       org.antlr.v4.runtime.atn.LexerATNSimulator::execATN (131 bytes)
Event: 16.000 Thread 0x00000266d2d80c30 nmethod 5647 0x00000266cd339210 code [0x00000266cd339420, 0x00000266cd339928]
Event: 16.000 Thread 0x00000266d2d80c30 5645   !   1       org.antlr.v4.runtime.atn.LexerATNSimulator::match (96 bytes)
Event: 16.001 Thread 0x00000266d2d80c30 nmethod 5645 0x00000266cd339c90 code [0x00000266cd339e60, 0x00000266cd33a1a0]
Event: 16.001 Thread 0x00000266d2d80c30 5646       1       org.antlr.v4.runtime.atn.LexerATNSimulator$SimState::reset (21 bytes)
Event: 16.001 Thread 0x00000266d2d80c30 nmethod 5646 0x00000266cd33a510 code [0x00000266cd33a6a0, 0x00000266cd33a7a0]
Event: 16.001 Thread 0x00000266d2d80c30 5648       1       org.antlr.v4.runtime.atn.LexerATNSimulator::failOrAccept (86 bytes)
Event: 16.001 Thread 0x00000266d2d80c30 nmethod 5648 0x00000266cd33a810 code [0x00000266cd33a9e0, 0x00000266cd33ac60]
Event: 16.001 Thread 0x00000266d2d80c30 5649       1       org.antlr.v4.runtime.atn.LexerATNSimulator::accept (42 bytes)
Event: 16.002 Thread 0x00000266d2d80c30 nmethod 5649 0x00000266cd33ae10 code [0x00000266cd33afc0, 0x00000266cd33b120]

GC Heap History (20 events):
Event: 14.108 GC heap after
{Heap after GC invocations=20 (full 0):
 garbage-first heap   total 61440K, used 33537K [0x00000000c8c00000, 0x0000000100000000)
  region size 1024K, 4 young (4096K), 4 survivors (4096K)
 Metaspace       used 65077K, committed 65792K, reserved 1114112K
  class space    used 9669K, committed 9984K, reserved 1048576K
}
Event: 14.180 GC heap before
{Heap before GC invocations=20 (full 0):
 garbage-first heap   total 61440K, used 55041K [0x00000000c8c00000, 0x0000000100000000)
  region size 1024K, 25 young (25600K), 4 survivors (4096K)
 Metaspace       used 65084K, committed 65792K, reserved 1114112K
  class space    used 9669K, committed 9984K, reserved 1048576K
}
Event: 14.188 GC heap after
{Heap after GC invocations=21 (full 0):
 garbage-first heap   total 61440K, used 34605K [0x00000000c8c00000, 0x0000000100000000)
  region size 1024K, 1 young (1024K), 1 survivors (1024K)
 Metaspace       used 65084K, committed 65792K, reserved 1114112K
  class space    used 9669K, committed 9984K, reserved 1048576K
}
Event: 14.378 GC heap before
{Heap before GC invocations=22 (full 0):
 garbage-first heap   total 61440K, used 54061K [0x00000000c8c00000, 0x0000000100000000)
  region size 1024K, 21 young (21504K), 1 survivors (1024K)
 Metaspace       used 66389K, committed 67136K, reserved 1114112K
  class space    used 9836K, committed 10176K, reserved 1048576K
}
Event: 14.385 GC heap after
{Heap after GC invocations=23 (full 0):
 garbage-first heap   total 61440K, used 38373K [0x00000000c8c00000, 0x0000000100000000)
  region size 1024K, 3 young (3072K), 3 survivors (3072K)
 Metaspace       used 66389K, committed 67136K, reserved 1114112K
  class space    used 9836K, committed 10176K, reserved 1048576K
}
Event: 14.464 GC heap before
{Heap before GC invocations=23 (full 0):
 garbage-first heap   total 61440K, used 53733K [0x00000000c8c00000, 0x0000000100000000)
  region size 1024K, 18 young (18432K), 3 survivors (3072K)
 Metaspace       used 66389K, committed 67136K, reserved 1114112K
  class space    used 9836K, committed 10176K, reserved 1048576K
}
Event: 14.479 GC heap after
{Heap after GC invocations=24 (full 0):
 garbage-first heap   total 64512K, used 43975K [0x00000000c8c00000, 0x0000000100000000)
  region size 1024K, 3 young (3072K), 3 survivors (3072K)
 Metaspace       used 66389K, committed 67136K, reserved 1114112K
  class space    used 9836K, committed 10176K, reserved 1048576K
}
Event: 14.526 GC heap before
{Heap before GC invocations=24 (full 0):
 garbage-first heap   total 64512K, used 55239K [0x00000000c8c00000, 0x0000000100000000)
  region size 1024K, 14 young (14336K), 3 survivors (3072K)
 Metaspace       used 66389K, committed 67136K, reserved 1114112K
  class space    used 9836K, committed 10176K, reserved 1048576K
}
Event: 14.536 GC heap after
{Heap after GC invocations=25 (full 0):
 garbage-first heap   total 112640K, used 47951K [0x00000000c8c00000, 0x0000000100000000)
  region size 1024K, 2 young (2048K), 2 survivors (2048K)
 Metaspace       used 66389K, committed 67136K, reserved 1114112K
  class space    used 9836K, committed 10176K, reserved 1048576K
}
Event: 15.118 GC heap before
{Heap before GC invocations=26 (full 0):
 garbage-first heap   total 112640K, used 93007K [0x00000000c8c00000, 0x0000000100000000)
  region size 1024K, 46 young (47104K), 2 survivors (2048K)
 Metaspace       used 66392K, committed 67136K, reserved 1114112K
  class space    used 9836K, committed 10176K, reserved 1048576K
}
Event: 15.139 GC heap after
{Heap after GC invocations=27 (full 0):
 garbage-first heap   total 112640K, used 59046K [0x00000000c8c00000, 0x0000000100000000)
  region size 1024K, 6 young (6144K), 6 survivors (6144K)
 Metaspace       used 66392K, committed 67136K, reserved 1114112K
  class space    used 9836K, committed 10176K, reserved 1048576K
}
Event: 15.276 GC heap before
{Heap before GC invocations=27 (full 0):
 garbage-first heap   total 112640K, used 93862K [0x00000000c8c00000, 0x0000000100000000)
  region size 1024K, 39 young (39936K), 6 survivors (6144K)
 Metaspace       used 66394K, committed 67136K, reserved 1114112K
  class space    used 9837K, committed 10176K, reserved 1048576K
}
Event: 15.309 GC heap after
{Heap after GC invocations=28 (full 0):
 garbage-first heap   total 114688K, used 72192K [0x00000000c8c00000, 0x0000000100000000)
  region size 1024K, 5 young (5120K), 5 survivors (5120K)
 Metaspace       used 66394K, committed 67136K, reserved 1114112K
  class space    used 9837K, committed 10176K, reserved 1048576K
}
Event: 15.480 GC heap before
{Heap before GC invocations=28 (full 0):
 garbage-first heap   total 114688K, used 94720K [0x00000000c8c00000, 0x0000000100000000)
  region size 1024K, 27 young (27648K), 5 survivors (5120K)
 Metaspace       used 66700K, committed 67392K, reserved 1114112K
  class space    used 9950K, committed 10240K, reserved 1048576K
}
Event: 15.504 GC heap after
{Heap after GC invocations=29 (full 0):
 garbage-first heap   total 114688K, used 77824K [0x00000000c8c00000, 0x0000000100000000)
  region size 1024K, 4 young (4096K), 4 survivors (4096K)
 Metaspace       used 66700K, committed 67392K, reserved 1114112K
  class space    used 9950K, committed 10240K, reserved 1048576K
}
Event: 15.623 GC heap before
{Heap before GC invocations=29 (full 0):
 garbage-first heap   total 114688K, used 97280K [0x00000000c8c00000, 0x0000000100000000)
  region size 1024K, 23 young (23552K), 4 survivors (4096K)
 Metaspace       used 66700K, committed 67392K, reserved 1114112K
  class space    used 9950K, committed 10240K, reserved 1048576K
}
Event: 15.634 GC heap after
{Heap after GC invocations=30 (full 0):
 garbage-first heap   total 114688K, used 79876K [0x00000000c8c00000, 0x0000000100000000)
  region size 1024K, 2 young (2048K), 2 survivors (2048K)
 Metaspace       used 66700K, committed 67392K, reserved 1114112K
  class space    used 9950K, committed 10240K, reserved 1048576K
}
Event: 15.814 GC heap before
{Heap before GC invocations=31 (full 0):
 garbage-first heap   total 130048K, used 96260K [0x00000000c8c00000, 0x0000000100000000)
  region size 1024K, 21 young (21504K), 2 survivors (2048K)
 Metaspace       used 66700K, committed 67392K, reserved 1114112K
  class space    used 9950K, committed 10240K, reserved 1048576K
}
Event: 15.824 GC heap after
{Heap after GC invocations=32 (full 0):
 garbage-first heap   total 130048K, used 79345K [0x00000000c8c00000, 0x0000000100000000)
  region size 1024K, 3 young (3072K), 3 survivors (3072K)
 Metaspace       used 66700K, committed 67392K, reserved 1114112K
  class space    used 9950K, committed 10240K, reserved 1048576K
}
Event: 16.004 GC heap before
{Heap before GC invocations=32 (full 0):
 garbage-first heap   total 130048K, used 109041K [0x00000000c8c00000, 0x0000000100000000)
  region size 1024K, 32 young (32768K), 3 survivors (3072K)
 Metaspace       used 66701K, committed 67392K, reserved 1114112K
  class space    used 9950K, committed 10240K, reserved 1048576K
}

Dll operation events (12 events):
Event: 0.024 Loaded shared library C:\Users\Flavi\.jdks\ms-21.0.11\bin\java.dll
Event: 0.322 Loaded shared library C:\Users\Flavi\.jdks\ms-21.0.11\bin\zip.dll
Event: 0.331 Loaded shared library C:\Users\Flavi\.jdks\ms-21.0.11\bin\instrument.dll
Event: 0.349 Loaded shared library C:\Users\Flavi\.jdks\ms-21.0.11\bin\net.dll
Event: 0.358 Loaded shared library C:\Users\Flavi\.jdks\ms-21.0.11\bin\nio.dll
Event: 0.402 Loaded shared library C:\Users\Flavi\.jdks\ms-21.0.11\bin\zip.dll
Event: 0.493 Loaded shared library C:\Users\Flavi\.jdks\ms-21.0.11\bin\jimage.dll
Event: 0.868 Loaded shared library C:\Users\Flavi\.jdks\ms-21.0.11\bin\extnet.dll
Event: 0.906 Loaded shared library C:\Users\Flavi\.jdks\ms-21.0.11\bin\management.dll
Event: 0.938 Loaded shared library C:\Users\Flavi\.jdks\ms-21.0.11\bin\management_ext.dll
Event: 5.421 Loaded shared library C:\Users\Flavi\.jdks\ms-21.0.11\bin\sunmscapi.dll
Event: 9.794 Loaded shared library C:\Users\Flavi\.jdks\ms-21.0.11\bin\verify.dll

Deoptimization events (0 events):
No events

Classes loaded (20 events):
Event: 13.344 Loading class java/util/regex/Pattern$SliceU
Event: 13.344 Loading class java/util/regex/Pattern$SliceU done
Event: 13.345 Loading class java/util/regex/Pattern$Bound
Event: 13.345 Loading class java/util/regex/Pattern$Bound done
Event: 13.345 Loading class java/util/regex/Pattern$SliceI
Event: 13.345 Loading class java/util/regex/Pattern$SliceI done
Event: 13.346 Loading class java/util/regex/Pattern$LookBehindEndNode
Event: 13.346 Loading class java/util/regex/Pattern$LookBehindEndNode done
Event: 13.346 Loading class java/util/regex/Pattern$NotBehind
Event: 13.346 Loading class java/util/regex/Pattern$NotBehind done
Event: 13.347 Loading class java/util/regex/Pattern$Behind
Event: 13.347 Loading class java/util/regex/Pattern$Behind done
Event: 13.444 Loading class java/util/WeakHashMap$KeyIterator
Event: 13.444 Loading class java/util/WeakHashMap$KeyIterator done
Event: 13.501 Loading class java/util/EmptyStackException
Event: 13.501 Loading class java/util/EmptyStackException done
Event: 13.685 Loading class java/io/InvalidClassException
Event: 13.685 Loading class java/io/InvalidClassException done
Event: 15.447 Loading class java/lang/invoke/MethodHandleImpl$CountingWrapper
Event: 15.447 Loading class java/lang/invoke/MethodHandleImpl$CountingWrapper done

Classes unloaded (9 events):
Event: 5.191 Thread 0x00000266c430f060 Unloading class 0x000002668109dc00 'java/lang/invoke/LambdaForm$MH+0x000002668109dc00'
Event: 5.191 Thread 0x00000266c430f060 Unloading class 0x000002668109d800 'java/lang/invoke/LambdaForm$MH+0x000002668109d800'
Event: 5.191 Thread 0x00000266c430f060 Unloading class 0x000002668109cc00 'java/lang/invoke/LambdaForm$MH+0x000002668109cc00'
Event: 5.191 Thread 0x00000266c430f060 Unloading class 0x000002668109c800 'jdk/internal/reflect/GeneratedSerializationConstructorAccessor13'
Event: 5.191 Thread 0x00000266c430f060 Unloading class 0x000002668109c000 'jdk/internal/reflect/GeneratedSerializationConstructorAccessor11'
Event: 5.191 Thread 0x00000266c430f060 Unloading class 0x000002668109b400 'jdk/internal/reflect/GeneratedSerializationConstructorAccessor9'
Event: 5.191 Thread 0x00000266c430f060 Unloading class 0x000002668108b400 'java/lang/invoke/LambdaForm$MH+0x000002668108b400'
Event: 5.191 Thread 0x00000266c430f060 Unloading class 0x000002668108ac00 'java/lang/invoke/LambdaForm$MH+0x000002668108ac00'
Event: 5.191 Thread 0x00000266c430f060 Unloading class 0x000002668108a000 'java/lang/invoke/LambdaForm$MH+0x000002668108a000'

Classes redefined (0 events):
No events

Internal exceptions (20 events):
Event: 12.310 Thread 0x00000266d76cd150 Exception <a 'java/lang/NoSuchMethodError'{0x00000000cbe82cc8}: 'void java.lang.invoke.DirectMethodHandle$Holder.invokeSpecial(java.lang.Object, java.lang.Object, int, java.lang.Object)'> (0x00000000cbe82cc8) 
thrown [s\src\hotspot\share\interpreter\linkResolver.cpp, line 773]
Event: 12.310 Thread 0x00000266d76cd150 Exception <a 'java/lang/NoSuchMethodError'{0x00000000cbe87418}: 'java.lang.Object java.lang.invoke.DirectMethodHandle$Holder.newInvokeSpecial(java.lang.Object, java.lang.Object, int)'> (0x00000000cbe87418) 
thrown [s\src\hotspot\share\interpreter\linkResolver.cpp, line 773]
Event: 12.350 Thread 0x00000266d76cd150 Exception <a 'java/lang/NoSuchMethodError'{0x00000000cbde8c90}: 'int java.lang.invoke.DirectMethodHandle$Holder.invokeStatic(java.lang.Object, int, java.lang.Object)'> (0x00000000cbde8c90) 
thrown [s\src\hotspot\share\interpreter\linkResolver.cpp, line 773]
Event: 12.353 Thread 0x00000266d76cd150 Exception <a 'java/lang/NoSuchMethodError'{0x00000000cbc07768}: 'java.lang.Object java.lang.invoke.DirectMethodHandle$Holder.newInvokeSpecial(java.lang.Object, java.lang.Object, java.lang.Object, java.lang.Object, java.lang.Object, int, java.lang.Object)'> (0x00000000cbc07768) 
thrown [s\src\hotspot\share\interpreter\linkResolver.cpp, line 773]
Event: 12.359 Thread 0x00000266d76cd150 Exception <a 'java/lang/NoSuchMethodError'{0x00000000cbc3a188}: 'java.lang.Object java.lang.invoke.Invokers$Holder.linkToTargetMethod(java.lang.Object, java.lang.Object, java.lang.Object, java.lang.Object, java.lang.Object, java.lang.Object, java.lang.Object, java.lang.Object, java.lang.Object, java.lang.Object, java.lang.Object, java.lang.Object)'> (0x00000000cbc3a188) 
thrown [s\src\hotspot\share\interpreter\linkResolver.cpp, line 773]
Event: 12.406 Thread 0x00000266d76cd150 Exception <a 'java/lang/IncompatibleClassChangeError'{0x00000000cbbc12d0}: Found class java.lang.Object, but interface was expected> (0x00000000cbbc12d0) 
thrown [s\src\hotspot\share\interpreter\linkResolver.cpp, line 840]
Event: 12.421 Thread 0x00000266d76cd150 Exception <a 'java/lang/NoSuchMethodError'{0x00000000cba38430}: 'java.lang.Object java.lang.invoke.DirectMethodHandle$Holder.newInvokeSpecial(java.lang.Object, java.lang.Object, java.lang.Object, java.lang.Object, java.lang.Object, java.lang.Object, java.lang.Object, int)'> (0x00000000cba38430) 
thrown [s\src\hotspot\share\interpreter\linkResolver.cpp, line 773]
Event: 12.422 Thread 0x00000266d76cd150 Exception <a 'java/lang/NoSuchMethodError'{0x00000000cba3ca40}: 'java.lang.Object java.lang.invoke.DirectMethodHandle$Holder.invokeSpecial(java.lang.Object, java.lang.Object, java.lang.Object, java.lang.Object, java.lang.Object, java.lang.Object, java.lang.Object, java.lang.Object, int)'> (0x00000000cba3ca40) 
thrown [s\src\hotspot\share\interpreter\linkResolver.cpp, line 773]
Event: 12.422 Thread 0x00000266d76cd150 Exception <a 'java/lang/NoSuchMethodError'{0x00000000cba40a78}: 'java.lang.Object java.lang.invoke.Invokers$Holder.linkToTargetMethod(java.lang.Object, java.lang.Object, java.lang.Object, java.lang.Object, java.lang.Object, java.lang.Object, int, java.lang.Object)'> (0x00000000cba40a78) 
thrown [s\src\hotspot\share\interpreter\linkResolver.cpp, line 773]
Event: 12.461 Thread 0x00000266d76cd150 Exception <a 'java/lang/NoSuchMethodError'{0x00000000cb9577b8}: 'java.lang.Object java.lang.invoke.DirectMethodHandle$Holder.newInvokeSpecial(java.lang.Object, java.lang.Object, int, java.lang.Object, int, java.lang.Object, java.lang.Object)'> (0x00000000cb9577b8) 
thrown [s\src\hotspot\share\interpreter\linkResolver.cpp, line 773]
Event: 12.774 Thread 0x00000266d76cd150 Exception <a 'java/lang/NoSuchMethodError'{0x00000000cb5a97d8}: 'java.lang.Object java.lang.invoke.DirectMethodHandle$Holder.invokeSpecial(java.lang.Object, java.lang.Object, int, java.lang.Object, int)'> (0x00000000cb5a97d8) 
thrown [s\src\hotspot\share\interpreter\linkResolver.cpp, line 773]
Event: 12.927 Thread 0x00000266d76cd150 Exception <a 'java/lang/IncompatibleClassChangeError'{0x00000000caf16470}: Found class java.lang.Object, but interface was expected> (0x00000000caf16470) 
thrown [s\src\hotspot\share\interpreter\linkResolver.cpp, line 840]
Event: 13.004 Thread 0x00000266d76cd150 Exception <a 'java/lang/IncompatibleClassChangeError'{0x00000000cc712270}: Found class java.lang.Object, but interface was expected> (0x00000000cc712270) 
thrown [s\src\hotspot\share\interpreter\linkResolver.cpp, line 840]
Event: 13.133 Thread 0x00000266d76cd150 Exception <a 'java/lang/IncompatibleClassChangeError'{0x00000000cc4f4e08}: Found class java.lang.Object, but interface was expected> (0x00000000cc4f4e08) 
thrown [s\src\hotspot\share\interpreter\linkResolver.cpp, line 840]
Event: 13.311 Thread 0x00000266d76cd150 Exception <a 'java/lang/IncompatibleClassChangeError'{0x00000000cc530468}: Found class java.lang.Object, but interface was expected> (0x00000000cc530468) 
thrown [s\src\hotspot\share\interpreter\linkResolver.cpp, line 840]
Event: 13.312 Thread 0x00000266d76cd150 Exception <a 'java/lang/IncompatibleClassChangeError'{0x00000000cc535f50}: Found class java.lang.Object, but interface was expected> (0x00000000cc535f50) 
thrown [s\src\hotspot\share\interpreter\linkResolver.cpp, line 840]
Event: 15.446 Thread 0x00000266d76cd150 Exception <a 'java/lang/NoSuchMethodError'{0x00000000ce3a3988}: 'java.lang.Object java.lang.invoke.DirectMethodHandle$Holder.invokeStatic(java.lang.Object, int, java.lang.Object, java.lang.Object)'> (0x00000000ce3a3988) 
thrown [s\src\hotspot\share\interpreter\linkResolver.cpp, line 773]
Event: 15.446 Thread 0x00000266d76cd150 Exception <a 'java/lang/NoSuchMethodError'{0x00000000ce3a7e20}: 'java.lang.Object java.lang.invoke.DirectMethodHandle$Holder.invokeSpecial(java.lang.Object, java.lang.Object, int, java.lang.Object, java.lang.Object)'> (0x00000000ce3a7e20) 
thrown [s\src\hotspot\share\interpreter\linkResolver.cpp, line 773]
Event: 15.446 Thread 0x00000266d76cd150 Exception <a 'java/lang/NoSuchMethodError'{0x00000000ce3abb20}: 'java.lang.Object java.lang.invoke.DelegatingMethodHandle$Holder.delegate(java.lang.Object, int, java.lang.Object, java.lang.Object)'> (0x00000000ce3abb20) 
thrown [s\src\hotspot\share\interpreter\linkResolver.cpp, line 773]
Event: 15.449 Thread 0x00000266d76cd150 Exception <a 'java/lang/NoSuchMethodError'{0x00000000ce3bb038}: 'int java.lang.invoke.Invokers$Holder.linkToTargetMethod(java.lang.Object, java.lang.Object, java.lang.Object)'> (0x00000000ce3bb038) 
thrown [s\src\hotspot\share\interpreter\linkResolver.cpp, line 773]

ZGC Phase Switch (0 events):
No events

VM Operations (20 events):
Event: 14.536 Executing safepoint VM operation: G1CollectForAllocation (G1 Evacuation Pause) done
Event: 14.633 Executing safepoint VM operation: G1PauseRemark
Event: 14.638 Executing safepoint VM operation: G1PauseRemark done
Event: 14.681 Executing safepoint VM operation: G1PauseCleanup
Event: 14.696 Executing safepoint VM operation: G1PauseCleanup done
Event: 15.118 Executing safepoint VM operation: G1CollectForAllocation (G1 Evacuation Pause)
Event: 15.139 Executing safepoint VM operation: G1CollectForAllocation (G1 Evacuation Pause) done
Event: 15.275 Executing safepoint VM operation: G1CollectForAllocation (G1 Evacuation Pause)
Event: 15.310 Executing safepoint VM operation: G1CollectForAllocation (G1 Evacuation Pause) done
Event: 15.479 Executing safepoint VM operation: G1CollectForAllocation (G1 Evacuation Pause)
Event: 15.504 Executing safepoint VM operation: G1CollectForAllocation (G1 Evacuation Pause) done
Event: 15.623 Executing safepoint VM operation: G1CollectForAllocation (G1 Evacuation Pause)
Event: 15.634 Executing safepoint VM operation: G1CollectForAllocation (G1 Evacuation Pause) done
Event: 15.698 Executing safepoint VM operation: G1PauseRemark
Event: 15.706 Executing safepoint VM operation: G1PauseRemark done
Event: 15.778 Executing safepoint VM operation: G1PauseCleanup
Event: 15.778 Executing safepoint VM operation: G1PauseCleanup done
Event: 15.814 Executing safepoint VM operation: G1CollectForAllocation (G1 Evacuation Pause)
Event: 15.824 Executing safepoint VM operation: G1CollectForAllocation (G1 Evacuation Pause) done
Event: 16.004 Executing safepoint VM operation: G1CollectForAllocation (G1 Evacuation Pause)

Memory protections (0 events):
No events

Nmethod flushes (20 events):
Event: 13.278 Thread 0x00000266c430f060 flushing  nmethod 0x00000266cceccd90
Event: 13.278 Thread 0x00000266c430f060 flushing  nmethod 0x00000266ccf61e90
Event: 13.278 Thread 0x00000266c430f060 flushing  nmethod 0x00000266ccf6e610
Event: 13.278 Thread 0x00000266c430f060 flushing  nmethod 0x00000266ccfa8a90
Event: 13.278 Thread 0x00000266c430f060 flushing  nmethod 0x00000266ccff1390
Event: 13.278 Thread 0x00000266c430f060 flushing  nmethod 0x00000266cd05ca90
Event: 13.278 Thread 0x00000266c430f060 flushing  nmethod 0x00000266cd12cd90
Event: 14.257 Thread 0x00000266c430f060 flushing  nmethod 0x00000266ccb85210
Event: 14.257 Thread 0x00000266c430f060 flushing  nmethod 0x00000266cd1ccc10
Event: 14.257 Thread 0x00000266c430f060 flushing  nmethod 0x00000266cca8e910
Event: 14.257 Thread 0x00000266c430f060 flushing  nmethod 0x00000266cd0d2d10
Event: 14.257 Thread 0x00000266c430f060 flushing  nmethod 0x00000266cd194710
Event: 14.257 Thread 0x00000266c430f060 flushing  nmethod 0x00000266cd195390
Event: 14.257 Thread 0x00000266c430f060 flushing  nmethod 0x00000266cd18f510
Event: 14.637 Thread 0x00000266c430f060 flushing  nmethod 0x00000266cd2ea790
Event: 14.637 Thread 0x00000266c430f060 flushing  nmethod 0x00000266cd2eaf90
Event: 14.637 Thread 0x00000266c430f060 flushing  nmethod 0x00000266cd2f8a90
Event: 14.637 Thread 0x00000266c430f060 flushing  nmethod 0x00000266cd2d5210
Event: 14.637 Thread 0x00000266c430f060 flushing  nmethod 0x00000266cd2f2290
Event: 14.637 Thread 0x00000266c430f060 flushing  nmethod 0x00000266cd2c7c90

Events (20 events):
Event: 10.960 Thread 0x00000266d8e6cd30 Thread exited: 0x00000266d8e6cd30
Event: 11.463 Thread 0x00000266d75baa50 Thread added: 0x00000266d8e6b2f0
Event: 11.469 Thread 0x00000266d8e6b2f0 Thread exited: 0x00000266d8e6b2f0
Event: 11.971 Thread 0x00000266d75c3270 Thread added: 0x00000266d8e6b2f0
Event: 11.977 Thread 0x00000266d8e6b2f0 Thread exited: 0x00000266d8e6b2f0
Event: 12.478 Thread 0x00000266d75baa50 Thread added: 0x00000266d8e6b980
Event: 12.483 Thread 0x00000266d8e6b980 Thread exited: 0x00000266d8e6b980
Event: 12.987 Thread 0x00000266d75baa50 Thread added: 0x00000266d8e6da50
Event: 13.006 Thread 0x00000266d8e6da50 Thread exited: 0x00000266d8e6da50
Event: 13.507 Thread 0x00000266d75c3270 Thread added: 0x00000266d8e6b2f0
Event: 13.513 Thread 0x00000266d8e6b2f0 Thread exited: 0x00000266d8e6b2f0
Event: 14.014 Thread 0x00000266d75c3270 Thread added: 0x00000266d8e6da50
Event: 14.019 Thread 0x00000266d8e6da50 Thread exited: 0x00000266d8e6da50
Event: 14.281 Thread 0x00000266d8e6e770 Thread exited: 0x00000266d8e6e770
Event: 14.523 Thread 0x00000266d75c3270 Thread added: 0x00000266d8e6e770
Event: 14.538 Thread 0x00000266d8e6e770 Thread exited: 0x00000266d8e6e770
Event: 15.041 Thread 0x00000266d75c3270 Thread added: 0x00000266d8e6c010
Event: 15.045 Thread 0x00000266d8e6c010 Thread exited: 0x00000266d8e6c010
Event: 15.549 Thread 0x00000266d75c3270 Thread added: 0x00000266d8e6e770
Event: 15.561 Thread 0x00000266d8e6e770 Thread exited: 0x00000266d8e6e770


Dynamic libraries:
0x00007ff6e3a30000 - 0x00007ff6e3a3e000 	C:\Users\Flavi\.jdks\ms-21.0.11\bin\java.exe
0x00007ffbd0bb0000 - 0x00007ffbd0da9000 	C:\WINDOWS\SYSTEM32\ntdll.dll
0x00007ffbd0490000 - 0x00007ffbd0552000 	C:\WINDOWS\System32\KERNEL32.DLL
0x00007ffbce5f0000 - 0x00007ffbce8e7000 	C:\WINDOWS\System32\KERNELBASE.dll
0x00007ffbce4f0000 - 0x00007ffbce5f0000 	C:\WINDOWS\System32\ucrtbase.dll
0x00007ffbc3db0000 - 0x00007ffbc3dc8000 	C:\Users\Flavi\.jdks\ms-21.0.11\bin\jli.dll
0x00007ffbc3c10000 - 0x00007ffbc3c2e000 	C:\Users\Flavi\.jdks\ms-21.0.11\bin\VCRUNTIME140.dll
0x00007ffbd0240000 - 0x00007ffbd03dd000 	C:\WINDOWS\System32\USER32.dll
0x00007ffbbe9e0000 - 0x00007ffbbec7b000 	C:\WINDOWS\WinSxS\amd64_microsoft.windows.common-controls_6595b64144ccf1df_6.0.19041.6926_none_60b5a53971f8f7e6\COMCTL32.dll
0x00007ffbce350000 - 0x00007ffbce372000 	C:\WINDOWS\System32\win32u.dll
0x00007ffbd0560000 - 0x00007ffbd05fe000 	C:\WINDOWS\System32\msvcrt.dll
0x00007ffbcefe0000 - 0x00007ffbcf00b000 	C:\WINDOWS\System32\GDI32.dll
0x00007ffbce3d0000 - 0x00007ffbce4ea000 	C:\WINDOWS\System32\gdi32full.dll
0x00007ffbce220000 - 0x00007ffbce2bd000 	C:\WINDOWS\System32\msvcp_win.dll
0x00007ffbcefb0000 - 0x00007ffbcefdf000 	C:\WINDOWS\System32\IMM32.DLL
0x00007ffbc7430000 - 0x00007ffbc743c000 	C:\Users\Flavi\.jdks\ms-21.0.11\bin\vcruntime140_1.dll
0x00007ffb9a450000 - 0x00007ffb9a4d9000 	C:\Users\Flavi\.jdks\ms-21.0.11\bin\msvcp140.dll
0x00007ffb19650000 - 0x00007ffb1a3fe000 	C:\Users\Flavi\.jdks\ms-21.0.11\bin\server\jvm.dll
0x00007ffbd0ab0000 - 0x00007ffbd0b61000 	C:\WINDOWS\System32\ADVAPI32.dll
0x00007ffbd0980000 - 0x00007ffbd0a1f000 	C:\WINDOWS\System32\sechost.dll
0x00007ffbcee80000 - 0x00007ffbcefa6000 	C:\WINDOWS\System32\RPCRT4.dll
0x00007ffbce8f0000 - 0x00007ffbce917000 	C:\WINDOWS\System32\bcrypt.dll
0x00007ffbd0890000 - 0x00007ffbd08fb000 	C:\WINDOWS\System32\WS2_32.dll
0x00007ffbce070000 - 0x00007ffbce0bb000 	C:\WINDOWS\SYSTEM32\POWRPROF.dll
0x00007ffbc3530000 - 0x00007ffbc3557000 	C:\WINDOWS\SYSTEM32\WINMM.dll
0x00007ffbc5ed0000 - 0x00007ffbc5eda000 	C:\WINDOWS\SYSTEM32\VERSION.dll
0x00007ffbce050000 - 0x00007ffbce062000 	C:\WINDOWS\SYSTEM32\UMPDC.dll
0x00007ffbcc090000 - 0x00007ffbcc0a2000 	C:\WINDOWS\SYSTEM32\kernel.appcore.dll
0x00007ffbc6780000 - 0x00007ffbc678a000 	C:\Users\Flavi\.jdks\ms-21.0.11\bin\jimage.dll
0x00007ffbbec90000 - 0x00007ffbbee91000 	C:\WINDOWS\SYSTEM32\DBGHELP.DLL
0x00007ffbbe370000 - 0x00007ffbbe3a4000 	C:\WINDOWS\SYSTEM32\dbgcore.DLL
0x00007ffbce2c0000 - 0x00007ffbce342000 	C:\WINDOWS\System32\bcryptPrimitives.dll
0x00007ffba8bd0000 - 0x00007ffba8be0000 	C:\Users\Flavi\.jdks\ms-21.0.11\bin\instrument.dll
0x00007ffba70c0000 - 0x00007ffba70e1000 	C:\Users\Flavi\.jdks\ms-21.0.11\bin\java.dll
0x00007ffbcf010000 - 0x00007ffbcf781000 	C:\WINDOWS\System32\SHELL32.dll
0x00007ffbcc290000 - 0x00007ffbcca36000 	C:\WINDOWS\SYSTEM32\windows.storage.dll
0x00007ffbcf940000 - 0x00007ffbcfc93000 	C:\WINDOWS\System32\combase.dll
0x00007ffbcdb70000 - 0x00007ffbcdb9b000 	C:\WINDOWS\SYSTEM32\Wldp.dll
0x00007ffbceda0000 - 0x00007ffbcee76000 	C:\WINDOWS\System32\OLEAUT32.dll
0x00007ffbcf890000 - 0x00007ffbcf93d000 	C:\WINDOWS\System32\SHCORE.dll
0x00007ffbcebb0000 - 0x00007ffbcec0b000 	C:\WINDOWS\System32\shlwapi.dll
0x00007ffbce150000 - 0x00007ffbce174000 	C:\WINDOWS\SYSTEM32\profapi.dll
0x00007ffba1a80000 - 0x00007ffba1a98000 	C:\Users\Flavi\.jdks\ms-21.0.11\bin\zip.dll
0x00007ffba7050000 - 0x00007ffba7061000 	C:\Users\Flavi\.jdks\ms-21.0.11\bin\net.dll
0x00007ffbc5250000 - 0x00007ffbc535a000 	C:\WINDOWS\SYSTEM32\WINHTTP.dll
0x00007ffbcd8a0000 - 0x00007ffbcd90a000 	C:\WINDOWS\system32\mswsock.dll
0x00007ffba5720000 - 0x00007ffba5736000 	C:\Users\Flavi\.jdks\ms-21.0.11\bin\nio.dll
0x00007ffbcd5c0000 - 0x00007ffbcd68a000 	C:\WINDOWS\SYSTEM32\DNSAPI.dll
0x00007ffbcd580000 - 0x00007ffbcd5bb000 	C:\WINDOWS\SYSTEM32\IPHLPAPI.DLL
0x00007ffbcf880000 - 0x00007ffbcf888000 	C:\WINDOWS\System32\NSI.dll
0x00007ffbc7290000 - 0x00007ffbc729a000 	C:\Windows\System32\rasadhlp.dll
0x00007ffbc09f0000 - 0x00007ffbc0a70000 	C:\WINDOWS\System32\fwpuclnt.dll
0x00007ffba70b0000 - 0x00007ffba70b9000 	C:\Users\Flavi\.jdks\ms-21.0.11\bin\extnet.dll
0x00007ffba6b70000 - 0x00007ffba6b7a000 	C:\Users\Flavi\.jdks\ms-21.0.11\bin\management.dll
0x00007ffba69b0000 - 0x00007ffba69bc000 	C:\Users\Flavi\.jdks\ms-21.0.11\bin\management_ext.dll
0x00007ffbcec10000 - 0x00007ffbcec18000 	C:\WINDOWS\System32\PSAPI.DLL
0x00007ffbcdad0000 - 0x00007ffbcdae8000 	C:\WINDOWS\SYSTEM32\CRYPTSP.dll
0x00007ffbcd1c0000 - 0x00007ffbcd1f8000 	C:\WINDOWS\system32\rsaenh.dll
0x00007ffbce0c0000 - 0x00007ffbce0ee000 	C:\WINDOWS\SYSTEM32\USERENV.dll
0x00007ffbcdac0000 - 0x00007ffbcdacc000 	C:\WINDOWS\SYSTEM32\CRYPTBASE.dll
0x00007ffbc74d0000 - 0x00007ffbc74e7000 	C:\WINDOWS\system32\napinsp.dll
0x00007ffbc74b0000 - 0x00007ffbc74cb000 	C:\WINDOWS\system32\pnrpnsp.dll
0x00007ffbcabe0000 - 0x00007ffbcabfd000 	C:\WINDOWS\system32\wshbth.dll
0x00007ffbc8920000 - 0x00007ffbc893d000 	C:\WINDOWS\system32\NLAapi.dll
0x00007ffbc7490000 - 0x00007ffbc74a2000 	C:\WINDOWS\System32\winrnr.dll
0x00007ffbbbcd0000 - 0x00007ffbbbd21000 	C:\WINDOWS\SYSTEM32\pdh.dll
0x00007ffbb82f0000 - 0x00007ffbb82ff000 	C:\WINDOWS\System32\perfproc.dll
0x00007ffbb7fd0000 - 0x00007ffbb7fdf000 	C:\WINDOWS\System32\perfos.dll
0x00007ffba6770000 - 0x00007ffba677e000 	C:\Users\Flavi\.jdks\ms-21.0.11\bin\sunmscapi.dll
0x00007ffbce9d0000 - 0x00007ffbceb2d000 	C:\WINDOWS\System32\CRYPT32.dll
0x00007ffbcdbe0000 - 0x00007ffbcdc07000 	C:\WINDOWS\SYSTEM32\ncrypt.dll
0x00007ffbcdba0000 - 0x00007ffbcdbdb000 	C:\WINDOWS\SYSTEM32\NTASN1.dll
0x00007ffba5790000 - 0x00007ffba57a0000 	C:\Users\Flavi\.jdks\ms-21.0.11\bin\verify.dll

JVMTI agents:
C:\Program Files\JetBrains\IntelliJ IDEA 2026.1.2\lib\idea_rt.jar path:C:\Users\Flavi\.jdks\ms-21.0.11\bin\instrument.dll, loaded, initialized, instrumentlib options:52816

dbghelp: loaded successfully - version: 4.0.5 - missing functions: none
symbol engine: initialized successfully - sym options: 0x614 - pdb path: .;C:\Users\Flavi\.jdks\ms-21.0.11\bin;C:\WINDOWS\SYSTEM32;C:\WINDOWS\WinSxS\amd64_microsoft.windows.common-controls_6595b64144ccf1df_6.0.19041.6926_none_60b5a53971f8f7e6;C:\Users\Flavi\.jdks\ms-21.0.11\bin\server

VM Arguments:
jvm_args: -XX:TieredStopAtLevel=1 -Dspring.output.ansi.enabled=always -Dcom.sun.management.jmxremote -Dspring.jmx.enabled=true -Dspring.liveBeansView.mbeanDomain -Dspring.application.admin.enabled=true -Dmanagement.endpoints.jmx.exposure.include=* -javaagent:C:\Program Files\JetBrains\IntelliJ IDEA 2026.1.2\lib\idea_rt.jar=52816 -Dfile.encoding=UTF-8 -Dsun.stdout.encoding=UTF-8 -Dsun.stderr.encoding=UTF-8 
java_command: com.Sistema_Notas.Sistema_Notas.SistemaNotasApplication
java_class_path (initial): C:\Users\Flavi\Downloads\Sistema_Notas\Sistema_Notas\target\classes;C:\Users\Flavi\.m2\repository\org\springframework\boot\spring-boot-starter-data-jpa\3.5.3\spring-boot-starter-data-jpa-3.5.3.jar;C:\Users\Flavi\.m2\repository\org\springframework\boot\spring-boot-starter\3.5.3\spring-boot-starter-3.5.3.jar;C:\Users\Flavi\.m2\repository\org\springframework\boot\spring-boot-starter-logging\3.5.3\spring-boot-starter-logging-3.5.3.jar;C:\Users\Flavi\.m2\repository\ch\qos\logback\logback-classic\1.5.18\logback-classic-1.5.18.jar;C:\Users\Flavi\.m2\repository\ch\qos\logback\logback-core\1.5.18\logback-core-1.5.18.jar;C:\Users\Flavi\.m2\repository\org\apache\logging\log4j\log4j-to-slf4j\2.24.3\log4j-to-slf4j-2.24.3.jar;C:\Users\Flavi\.m2\repository\org\apache\logging\log4j\log4j-api\2.24.3\log4j-api-2.24.3.jar;C:\Users\Flavi\.m2\repository\org\slf4j\jul-to-slf4j\2.0.17\jul-to-slf4j-2.0.17.jar;C:\Users\Flavi\.m2\repository\jakarta\annotation\jakarta.annotation-api\2.1.1\jakarta.annotation-api-2.1.1.jar;C:\Users\Flavi\.m2\repository\org\yaml\snakeyaml\2.4\snakeyaml-2.4.jar;C:\Users\Flavi\.m2\repository\org\springframework\boot\spring-boot-starter-jdbc\3.5.3\spring-boot-starter-jdbc-3.5.3.jar;C:\Users\Flavi\.m2\repository\com\zaxxer\HikariCP\6.3.0\HikariCP-6.3.0.jar;C:\Users\Flavi\.m2\repository\org\springframework\spring-jdbc\6.2.8\spring-jdbc-6.2.8.jar;C:\Users\Flavi\.m2\repository\org\hibernate\orm\hibernate-core\6.6.18.Final\hibernate-core-6.6.18.Final.jar;C:\Users\Flavi\.m2\repository\jakarta\persistence\jakarta.persistence-api\3.1.0\jakarta.persistence-api-3.1.0.jar;C:\Users\Flavi\.m2\repository\jakarta\transaction\jakarta.transaction-api\2.0.1\jakarta.transaction-api-2.0.1.jar;C:\Users\Flavi\.m2\repository\org\jboss\logging\jboss-logging\3.6.1.Final\jboss-logging-3.6.1.Final.jar;C:\Users\Flavi\.m2\repository\org\hibernate\common\hibernate-commons-annotations\7.0.3.Final\hibernate-commons-annotations-7.0.3.Final.jar;C:\Users\Flavi\.m2\repository\io\smallrye\jandex\3.2.0\jandex-3.2.0.jar;C:\Users\Flavi\.m2\repository\com\fasterxml\classmate\1.7.0\classmate-1.7.0.jar;C:\Users\Flavi\.m2\repository\net\bytebuddy\byte-buddy\1.17.6\byte-buddy-1.17.6.jar;C:\Users\Flavi\.m2\repository\org\glassfish\jaxb\jaxb-runtime\4.0.5\jaxb-runtime-4.0.5.jar;C:\Users\Flavi\.m2\repository\org\glassfish\jaxb\jaxb-core\4.0.5\jaxb-core-4.0.5.jar;C:\Users\Flavi\.m2\repository\org\eclipse\angus\angus-activation\2.0.2\angus-activation-2.0.2.jar;C:\Users\Flavi\.m2\repository\org\glassfish\jaxb\txw2\4.0.5\txw2-4.0.5.jar;C:\Users\Flavi\.m2\repository\com\sun\istack\istack-commons-runtime\4.1.2\istack-commons-runtime-4.1.2.jar;C:\Users\Flavi\.m2\repository\jakarta\inject\jakarta.inject-api\2.0.1\jakarta.inject-api-2.0.1.jar;C:\Users\Flavi\.m2\repository\org\antlr\antlr4-runtime\4.13.0\antlr4-runtime-4.13.0.jar;C:\Users\Flavi\.m2\repository\org\springframework\data\spring-data-jpa\3.5.1\spring-data-jpa-3.5.1.jar;C:\Users\Flavi\.m2\repository\org\springframework\data\spring-data-commons\3.5.1\spring-data-commons-3.5.1.jar;C:\Users\Flavi\.m2\repository\org\springframework\spring-orm\6.2.8\spring-orm-6.2.8.jar;C:\Users\Flavi\.m2\repository\org\springframework\spring-context\6.2.8\spring-context-6.2.8.jar;C:\Users\Flavi\.m2\repository\org\springframework\spring-aop\6.2.8\spring-aop-6.2.8.jar;C:\Users\Flavi\.m2\repository\org\springframework\spring-tx\6.2.8\spring-tx-6.2.8.jar;C:\Users\Flavi\.m2\repository\org\springframework\spring-beans\6.2.8\spring-beans-6.2.8.jar;C:\Users\Flavi\.m2\repository\org\slf4j\slf4j-api\2.0.17\slf4j-api-2.0.17.jar;C:\Users\Flavi\.m2\repository\org\springframework\spring-aspects\6.2.8\spring-aspects-6.2.8.jar;C:\Users\Flavi\.m2\repository\org\aspectj\aspectjweaver\1.9.24\aspectjweaver-1.9.24.jar;C:\Users\Flavi\.m2\repository\org\springframework\boot\spring-boot-starter-validation\3.5.3\spring-boot-starter-validation-3.5.3.jar;C:\Users\Flavi\.m2\repository\org\apache\tomcat\embed\tomcat-embed-el\10.1.42\tomcat-embed-el-10.1.42.jar;C:\Users\Flavi\.m2\repository\org\hibernate\validator\hibernate-validator\8.0.2.Final\hibernate-validator-8.0.2.Final.jar;C:\Users\Flavi\.m2\repository\jakarta\validation\jakarta.validation-api\3.0.2\jakarta.validation-api-3.0.2.jar;C:\Users\Flavi\.m2\repository\org\springframework\boot\spring-boot-starter-web\3.5.3\spring-boot-starter-web-3.5.3.jar;C:\Users\Flavi\.m2\repository\org\springframework\boot\spring-boot-starter-json\3.5.3\spring-boot-starter-json-3.5.3.jar;C:\Users\Flavi\.m2\repository\com\fasterxml\jackson\core\jackson-databind\2.19.1\jackson-databind-2.19.1.jar;C:\Users\Flavi\.m2\repository\com\fasterxml\jackson\core\jackson-annotations\2.19.1\jackson-annotations-2.19.1.jar;C:\Users\Flavi\.m2\repository\com\fasterxml\jackson\core\jackson-core\2.19.1\jackson-core-2.19.1.jar;C:\Users\Flavi\.m2\repository\com\fasterxml\jackson\datatype\jackson-datatype-jdk8\2.19.1\jackson-datatype-jdk8-2.19.1.jar;C:\Users\Flavi\.m2\repository\com\fasterxml\jackson\datatype\jackson-datatype-jsr310\2.19.1\jackson-datatype-jsr310-2.19.1.jar;C:\Users\Flavi\.m2\repository\com\fasterxml\jackson\module\jackson-module-parameter-names\2.19.1\jackson-module-parameter-names-2.19.1.jar;C:\Users\Flavi\.m2\repository\org\springframework\boot\spring-boot-starter-tomcat\3.5.3\spring-boot-starter-tomcat-3.5.3.jar;C:\Users\Flavi\.m2\repository\org\apache\tomcat\embed\tomcat-embed-core\10.1.42\tomcat-embed-core-10.1.42.jar;C:\Users\Flavi\.m2\repository\org\apache\tomcat\embed\tomcat-embed-websocket\10.1.42\tomcat-embed-websocket-10.1.42.jar;C:\Users\Flavi\.m2\repository\org\springframework\spring-web\6.2.8\spring-web-6.2.8.jar;C:\Users\Flavi\.m2\repository\io\micrometer\micrometer-observation\1.15.1\micrometer-observation-1.15.1.jar;C:\Users\Flavi\.m2\repository\io\micrometer\micrometer-commons\1.15.1\micrometer-commons-1.15.1.jar;C:\Users\Flavi\.m2\repository\org\springframework\spring-webmvc\6.2.8\spring-webmvc-6.2.8.jar;C:\Users\Flavi\.m2\repository\org\springframework\spring-expression\6.2.8\spring-expression-6.2.8.jar;C:\Users\Flavi\.m2\repository\org\springframework\boot\spring-boot-devtools\3.5.3\spring-boot-devtools-3.5.3.jar;C:\Users\Flavi\.m2\repository\org\springframework\boot\spring-boot\3.5.3\spring-boot-3.5.3.jar;C:\Users\Flavi\.m2\repository\org\springframework\boot\spring-boot-autoconfigure\3.5.3\spring-boot-autoconfigure-3.5.3.jar;C:\Users\Flavi\.m2\repository\com\mysql\mysql-connector-j\9.2.0\mysql-connector-j-9.2.0.jar;C:\Users\Flavi\.m2\repository\org\projectlombok\lombok\1.18.38\lombok-1.18.38.jar;C:\Users\Flavi\.m2\repository\jakarta\xml\bind\jakarta.xml.bind-api\4.0.2\jakarta.xml.bind-api-4.0.2.jar;C:\Users\Flavi\.m2\repository\jakarta\activation\jakarta.activation-api\2.1.3\jakarta.activation-api-2.1.3.jar;C:\Users\Flavi\.m2\repository\org\springframework\spring-core\6.2.8\spring-core-6.2.8.jar;C:\Users\Flavi\.m2\repository\org\springframework\spring-jcl\6.2.8\spring-jcl-6.2.8.jar
Launcher Type: SUN_STANDARD

[Global flags]
     intx CICompilerCount                          = 3                                         {product} {ergonomic}
     uint ConcGCThreads                            = 1                                         {product} {ergonomic}
     uint G1ConcRefinementThreads                  = 4                                         {product} {ergonomic}
   size_t G1HeapRegionSize                         = 1048576                                   {product} {ergonomic}
    uintx GCDrainStackTargetSize                   = 64                                        {product} {ergonomic}
   size_t InitialHeapSize                          = 58720256                                  {product} {ergonomic}
     bool ManagementServer                         = true                                      {product} {command line}
   size_t MarkStackSize                            = 4194304                                   {product} {ergonomic}
   size_t MaxHeapSize                              = 926941184                                 {product} {ergonomic}
   size_t MaxNewSize                               = 555745280                                 {product} {ergonomic}
   size_t MinHeapDeltaBytes                        = 1048576                                   {product} {ergonomic}
   size_t MinHeapSize                              = 8388608                                   {product} {ergonomic}
    uintx NonNMethodCodeHeapSize                   = 4096                                   {pd product} {ergonomic}
    uintx NonProfiledCodeHeapSize                  = 0                                      {pd product} {ergonomic}
     bool ProfileInterpreter                       = false                                  {pd product} {command line}
    uintx ProfiledCodeHeapSize                     = 0                                      {pd product} {ergonomic}
   size_t SoftMaxHeapSize                          = 926941184                              {manageable} {ergonomic}
     intx TieredStopAtLevel                        = 1                                         {product} {command line}
     bool UseCompressedOops                        = true                           {product lp64_product} {ergonomic}
     bool UseG1GC                                  = true                                      {product} {ergonomic}
     bool UseLargePagesIndividualAllocation        = false                                  {pd product} {ergonomic}

Logging:
Log output configuration:
 #0: stdout all=warning uptime,level,tags foldmultilines=false
 #1: stderr all=off uptime,level,tags foldmultilines=false

Release file:
IMPLEMENTOR="Microsoft" 
IMPLEMENTOR_VERSION="Microsoft-13877171" 
JAVA_RUNTIME_VERSION="21.0.11+10-LTS" 
JAVA_VERSION="21.0.11" 
JAVA_VERSION_DATE="2026-04-21" 
LIBC="default" 
MODULES="java.base java.compiler java.datatransfer java.xml java.prefs java.desktop java.instrument java.logging java.management java.security.sasl java.naming java.rmi java.management.rmi java.net.http java.scripting java.security.jgss java.transaction.xa java.sql java.sql.rowset java.xml.crypto java.se java.smartcardio jdk.accessibility jdk.internal.jvmstat jdk.attach jdk.charsets jdk.internal.opt jdk.zipfs jdk.compiler jdk.crypto.ec jdk.crypto.cryptoki jdk.crypto.mscapi jdk.dynalink jdk.internal.ed jdk.editpad jdk.hotspot.agent jdk.httpserver jdk.incubator.vector jdk.internal.le jdk.internal.vm.ci jdk.internal.vm.compiler jdk.internal.vm.compiler.management jdk.jartool jdk.javadoc jdk.jcmd jdk.management jdk.management.agent jdk.jconsole jdk.jdeps jdk.jdwp.agent jdk.jdi jdk.jfr jdk.jlink jdk.jpackage jdk.jshell jdk.jsobject jdk.jstatd jdk.localedata jdk.management.jfr jdk.naming.dns jdk.naming.rmi jdk.net jdk.nio.mapmode jdk.random jdk.sctp jdk.security.auth jdk.security.jgss jdk.unsupported jdk.unsupported.desktop jdk.xml.dom" 
OS_ARCH="x86_64" 
OS_NAME="Windows" 
SOURCE=".:git:87e312d67249" 

Environment Variables:
PATH=C:\Program Files (x86)\Common Files\Oracle\Java\javapath;C:\WINDOWS\system32;C:\WINDOWS;C:\WINDOWS\System32\Wbem;C:\WINDOWS\System32\WindowsPowerShell\v1.0\;C:\WINDOWS\System32\OpenSSH\;C:\Program Files\Microsoft SQL Server\150\Tools\Binn\;C:\Program Files\Microsoft SQL Server\Client SDK\ODBC\170\Tools\Binn\;C:\Program Files\dotnet\;C:\Program Files\nodejs\;C:\Program Files\Git\cmd;C:\Users\Flavi\AppData\Local\Programs\Python\Python313\Scripts\;C:\Users\Flavi\AppData\Local\Programs\Python\Python313\;C:\Users\Flavi\AppData\Local\Microsoft\WindowsApps;C:\Users\Flavi\AppData\Local\Programs\Microsoft VS Code\bin;C:\Users\Flavi\.dotnet\tools;C:\Users\Flavi\AppData\Roaming\npm
USERNAME=Flavi
OS=Windows_NT
PROCESSOR_IDENTIFIER=AMD64 Family 23 Model 24 Stepping 1, AuthenticAMD
TMP=C:\Users\Flavi\AppData\Local\Temp
TEMP=C:\Users\Flavi\AppData\Local\Temp




Periodic native trim disabled

---------------  S Y S T E M  ---------------

OS:
 Windows 10 , 64 bit Build 19041 (10.0.19041.7291)
OS uptime: 0 days 17:30 hours

CPU: total 4 (initial active 4) (4 cores per cpu, 2 threads per core) family 23 model 24 stepping 1 microcode 0x0, cx8, cmov, fxsr, ht, mmx, 3dnowpref, sse, sse2, sse3, ssse3, sse4a, sse4.1, sse4.2, popcnt, lzcnt, tsc, tscinvbit, avx, avx2, aes, clmul, bmi1, bmi2, adx, sha, fma, vzeroupper, clflush, clflushopt, rdtscp, f16c
Processor Information for the first 4 processors :
  Max Mhz: 2600, Current Mhz: 2600, Mhz Limit: 2600

Memory: 4k page, system-wide physical 3530M (128M free)
TotalPageFile size 14282M (AvailPageFile size 81M)
current process WorkingSet (physical memory assigned to process): 176M, peak: 210M
current process commit charge ("private bytes"): 318M, peak: 450M

vm_info: OpenJDK 64-Bit Server VM (21.0.11+10-LTS) for windows-amd64 JRE (21.0.11+10-LTS), built on 2026-04-18T18:13:49Z by "MicrosoftCorporation" with MS VC++ 17.14 (VS2022)

END.
